<?xml version="1.0" encoding="UTF-8"?>
<!-- Generated by org.testng.reporters.JUnitReportReporter -->
<testsuite hostname="DESKTOP-EFLV044" failures="0" tests="1" name="com.zoho.generic.FileLib" time="0.014" errors="0" timestamp="2023-06-02T23:31:11 IST" skipped="0">
  <testcase classname="com.zoho.generic.FileLib" name="getPropertyData" time="0.014"/>
  <system-out/>
</testsuite> <!-- com.zoho.generic.FileLib -->
